\BOOKMARK [0][-]{chapter.1}{Ball complexes}{}% 1
\BOOKMARK [1][-]{section.1.1}{Representation of a PL ball complex}{chapter.1}% 2
\BOOKMARK [1][-]{section.1.2}{Classical invariants}{chapter.1}% 3
\BOOKMARK [1][-]{section.1.3}{General information about a ball complex}{chapter.1}% 4
\BOOKMARK [1][-]{section.1.4}{Working with cells}{chapter.1}% 5
\BOOKMARK [1][-]{section.1.5}{Changing the ball complex representation of the same manifold }{chapter.1}% 6
\BOOKMARK [1][-]{section.1.6}{Topological operations}{chapter.1}% 7
\BOOKMARK [1][-]{section.1.7}{Main principles of ball complex re-buildings}{chapter.1}% 8
\BOOKMARK [1][-]{section.1.8}{The library of polytopes}{chapter.1}% 9
\BOOKMARK [0][-]{chapter.2}{Subpolytopes and embeddings}{}% 10
\BOOKMARK [1][-]{section.2.1}{Subpolytopes, boundaries, gluing, removing neighborhoods...}{chapter.2}% 11
\BOOKMARK [0][-]{chapter.3}{Immersions and knots}{}% 12
\BOOKMARK [1][-]{section.3.1}{Classical knots}{chapter.3}% 13
\BOOKMARK [1][-]{section.3.2}{Knotted surfaces}{chapter.3}% 14
\BOOKMARK [0][-]{chapter.4}{Related structures, auxiliary functions}{}% 15
\BOOKMARK [1][-]{section.4.1}{Some useful lists}{chapter.4}% 16
\BOOKMARK [1][-]{section.4.2}{Rational functions}{chapter.4}% 17
\BOOKMARK [1][-]{section.4.3}{Matrices}{chapter.4}% 18
\BOOKMARK [1][-]{section.4.4}{Grassmann algebras}{chapter.4}% 19
\BOOKMARK [1][-]{section.4.5}{Four-manifold invariants from hexagon cohomology}{chapter.4}% 20
\BOOKMARK [0][-]{chapter*.3}{References}{}% 21
\BOOKMARK [0][-]{section*.4}{Index}{}% 22
